<?xml version="1.0" encoding="UTF-8"?>
<!-- Generated by org.testng.reporters.JUnitReportReporter -->
<testsuite hostname="MSI" failures="0" tests="1" name="Testscripts.TestAllRequest" time="4.762" errors="0" timestamp="2025-05-17T12:53:17 IST" skipped="0">
  <testcase classname="Testscripts.TestAllRequest" name="TC01_CreateUser_POST" time="4.762"/>
</testsuite> <!-- Testscripts.TestAllRequest -->
